<?xml version="1.0" encoding="UTF-8"?>
<testng-results skipped="0" failed="2" ignored="0" total="14" passed="12">
  <reporter-output>
  </reporter-output>
  <suite name="Suite" duration-ms="424003" started-at="2020-01-20T11:39:45 GMT" finished-at="2020-01-20T11:46:49 GMT">
    <groups>
    </groups>
    <test name="Test" duration-ms="424003" started-at="2020-01-20T11:39:45 GMT" finished-at="2020-01-20T11:46:49 GMT">
      <class name="com.amazon.testpage.LoginTest">
        <test-method status="PASS" signature="beforeClass()[pri:0, instance:com.amazon.testpage.LoginTest@4d3167f4]" name="beforeClass" is-config="true" duration-ms="12378" started-at="2020-01-20T11:39:45 GMT" finished-at="2020-01-20T11:39:57 GMT">
          <reporter-output>
          </reporter-output>
        </test-method> <!-- beforeClass -->
        <test-method status="PASS" signature="beforeMethod()[pri:0, instance:com.amazon.testpage.LoginTest@4d3167f4]" name="beforeMethod" is-config="true" duration-ms="3193" started-at="2020-01-20T11:39:59 GMT" finished-at="2020-01-20T11:40:02 GMT">
          <reporter-output>
          </reporter-output>
        </test-method> <!-- beforeMethod -->
        <test-method status="PASS" signature="ScenarioFive(java.lang.String, java.lang.String, java.lang.String, java.lang.String, java.lang.String, java.lang.String, java.lang.String)[pri:0, instance:com.amazon.testpage.LoginTest@4d3167f4]" name="ScenarioFive" duration-ms="8448" started-at="2020-01-20T11:40:02 GMT" data-provider="getdatalogin" finished-at="2020-01-20T11:40:11 GMT">
          <params>
            <param index="0">
              <value>
                <![CDATA[g.gaurav2812@gmail.com]]>
              </value>
            </param>
            <param index="1">
              <value>
                <![CDATA[TWF1bGlAMjgxMiQ=]]>
              </value>
            </param>
            <param index="2">
              <value>
                <![CDATA[Hello, Gaurav]]>
              </value>
            </param>
            <param index="3">
              <value>
                <![CDATA[invalidEmail]]>
              </value>
            </param>
            <param index="4">
              <value>
                <![CDATA[invPass123]]>
              </value>
            </param>
            <param index="5">
              <value>
                <![CDATA[8793100405]]>
              </value>
            </param>
            <param index="6">
              <value>
                <![CDATA[1234]]>
              </value>
            </param>
          </params>
          <reporter-output>
          </reporter-output>
        </test-method> <!-- ScenarioFive -->
        <test-method status="PASS" signature="afterMethod()[pri:0, instance:com.amazon.testpage.LoginTest@4d3167f4]" name="afterMethod" is-config="true" duration-ms="7" started-at="2020-01-20T11:40:11 GMT" finished-at="2020-01-20T11:40:11 GMT">
          <reporter-output>
          </reporter-output>
        </test-method> <!-- afterMethod -->
        <test-method status="PASS" signature="beforeMethod()[pri:0, instance:com.amazon.testpage.LoginTest@4d3167f4]" name="beforeMethod" is-config="true" duration-ms="1642" started-at="2020-01-20T11:40:11 GMT" finished-at="2020-01-20T11:40:13 GMT">
          <reporter-output>
          </reporter-output>
        </test-method> <!-- beforeMethod -->
        <test-method status="PASS" signature="ScenarioFour()[pri:0, instance:com.amazon.testpage.LoginTest@4d3167f4]" name="ScenarioFour" duration-ms="2133" started-at="2020-01-20T11:40:13 GMT" finished-at="2020-01-20T11:40:15 GMT">
          <reporter-output>
          </reporter-output>
        </test-method> <!-- ScenarioFour -->
        <test-method status="PASS" signature="afterMethod()[pri:0, instance:com.amazon.testpage.LoginTest@4d3167f4]" name="afterMethod" is-config="true" duration-ms="0" started-at="2020-01-20T11:40:15 GMT" finished-at="2020-01-20T11:40:15 GMT">
          <reporter-output>
          </reporter-output>
        </test-method> <!-- afterMethod -->
        <test-method status="PASS" signature="beforeMethod()[pri:0, instance:com.amazon.testpage.LoginTest@4d3167f4]" name="beforeMethod" is-config="true" duration-ms="1097" started-at="2020-01-20T11:40:15 GMT" finished-at="2020-01-20T11:40:16 GMT">
          <reporter-output>
          </reporter-output>
        </test-method> <!-- beforeMethod -->
        <test-method status="FAIL" signature="ScenarioOne(java.lang.String, java.lang.String, java.lang.String, java.lang.String, java.lang.String, java.lang.String, java.lang.String)[pri:0, instance:com.amazon.testpage.LoginTest@4d3167f4]" name="ScenarioOne" duration-ms="88682" started-at="2020-01-20T11:40:16 GMT" data-provider="getdatalogin" finished-at="2020-01-20T11:41:45 GMT">
          <params>
            <param index="0">
              <value>
                <![CDATA[g.gaurav2812@gmail.com]]>
              </value>
            </param>
            <param index="1">
              <value>
                <![CDATA[TWF1bGlAMjgxMiQ=]]>
              </value>
            </param>
            <param index="2">
              <value>
                <![CDATA[Hello, Gaurav]]>
              </value>
            </param>
            <param index="3">
              <value>
                <![CDATA[invalidEmail]]>
              </value>
            </param>
            <param index="4">
              <value>
                <![CDATA[invPass123]]>
              </value>
            </param>
            <param index="5">
              <value>
                <![CDATA[8793100405]]>
              </value>
            </param>
            <param index="6">
              <value>
                <![CDATA[1234]]>
              </value>
            </param>
          </params>
          <exception class="org.openqa.selenium.NoSuchElementException">
            <message>
              <![CDATA[no such element: Unable to locate element: {"method":"xpath","selector":"//a[@id='nav-link-accountList']/span[contains(text(),'Hello,')]"}
  (Session info: chrome=79.0.3945.117)
For documentation on this error, please visit: https://www.seleniumhq.org/exceptions/no_such_element.html
Build info: version: '3.141.59', revision: 'e82be7d358', time: '2018-11-14T08:17:03'
System info: host: 'PDCDT01GY4ZVQ1', ip: '192.168.2.3', os.name: 'Windows 7', os.arch: 'amd64', os.version: '6.1', java.version: '1.8.0_231'
Driver info: org.openqa.selenium.chrome.ChromeDriver
Capabilities {acceptInsecureCerts: false, browserName: chrome, browserVersion: 79.0.3945.117, chrome: {chromedriverVersion: 78.0.3904.70 (edb9c9f3de024..., userDataDir: C:\Users\P10444~1.PDC\AppDa...}, goog:chromeOptions: {debuggerAddress: localhost:61877}, javascriptEnabled: true, networkConnectionEnabled: false, pageLoadStrategy: normal, platform: XP, platformName: XP, proxy: Proxy(), setWindowRect: true, strictFileInteractability: false, timeouts: {implicit: 0, pageLoad: 300000, script: 30000}, unhandledPromptBehavior: dismiss and notify}
Session ID: fb6f578560e96f6318a59789e8dfdc7c
*** Element info: {Using=xpath, value=//a[@id='nav-link-accountList']/span[contains(text(),'Hello,')]}]]>
            </message>
            <full-stacktrace>
              <![CDATA[org.openqa.selenium.NoSuchElementException: no such element: Unable to locate element: {"method":"xpath","selector":"//a[@id='nav-link-accountList']/span[contains(text(),'Hello,')]"}
  (Session info: chrome=79.0.3945.117)
For documentation on this error, please visit: https://www.seleniumhq.org/exceptions/no_such_element.html
Build info: version: '3.141.59', revision: 'e82be7d358', time: '2018-11-14T08:17:03'
System info: host: 'PDCDT01GY4ZVQ1', ip: '192.168.2.3', os.name: 'Windows 7', os.arch: 'amd64', os.version: '6.1', java.version: '1.8.0_231'
Driver info: org.openqa.selenium.chrome.ChromeDriver
Capabilities {acceptInsecureCerts: false, browserName: chrome, browserVersion: 79.0.3945.117, chrome: {chromedriverVersion: 78.0.3904.70 (edb9c9f3de024..., userDataDir: C:\Users\P10444~1.PDC\AppDa...}, goog:chromeOptions: {debuggerAddress: localhost:61877}, javascriptEnabled: true, networkConnectionEnabled: false, pageLoadStrategy: normal, platform: XP, platformName: XP, proxy: Proxy(), setWindowRect: true, strictFileInteractability: false, timeouts: {implicit: 0, pageLoad: 300000, script: 30000}, unhandledPromptBehavior: dismiss and notify}
Session ID: fb6f578560e96f6318a59789e8dfdc7c
*** Element info: {Using=xpath, value=//a[@id='nav-link-accountList']/span[contains(text(),'Hello,')]}
at sun.reflect.NativeConstructorAccessorImpl.newInstance0(Native Method)
at sun.reflect.NativeConstructorAccessorImpl.newInstance(Unknown Source)
at sun.reflect.DelegatingConstructorAccessorImpl.newInstance(Unknown Source)
at java.lang.reflect.Constructor.newInstance(Unknown Source)
at org.openqa.selenium.remote.http.W3CHttpResponseCodec.createException(W3CHttpResponseCodec.java:187)
at org.openqa.selenium.remote.http.W3CHttpResponseCodec.decode(W3CHttpResponseCodec.java:122)
at org.openqa.selenium.remote.http.W3CHttpResponseCodec.decode(W3CHttpResponseCodec.java:49)
at org.openqa.selenium.remote.HttpCommandExecutor.execute(HttpCommandExecutor.java:158)
at org.openqa.selenium.remote.service.DriverCommandExecutor.execute(DriverCommandExecutor.java:83)
at org.openqa.selenium.remote.RemoteWebDriver.execute(RemoteWebDriver.java:552)
at org.openqa.selenium.remote.RemoteWebDriver.findElement(RemoteWebDriver.java:323)
at org.openqa.selenium.remote.RemoteWebDriver.findElementByXPath(RemoteWebDriver.java:428)
at org.openqa.selenium.By$ByXPath.findElement(By.java:353)
at org.openqa.selenium.remote.RemoteWebDriver.findElement(RemoteWebDriver.java:315)
at org.openqa.selenium.support.pagefactory.DefaultElementLocator.findElement(DefaultElementLocator.java:69)
at org.openqa.selenium.support.pagefactory.internal.LocatingElementHandler.invoke(LocatingElementHandler.java:38)
at com.sun.proxy.$Proxy12.getText(Unknown Source)
at com.amazon.pages.VerifyUserLoggedInPage.Verifylogin(VerifyUserLoggedInPage.java:36)
at com.amazon.testpage.LoginTest.ScenarioOne(LoginTest.java:128)
at sun.reflect.NativeMethodAccessorImpl.invoke0(Native Method)
at sun.reflect.NativeMethodAccessorImpl.invoke(Unknown Source)
at sun.reflect.DelegatingMethodAccessorImpl.invoke(Unknown Source)
at java.lang.reflect.Method.invoke(Unknown Source)
at org.testng.internal.MethodInvocationHelper.invokeMethod(MethodInvocationHelper.java:134)
at org.testng.internal.TestInvoker.invokeMethod(TestInvoker.java:597)
at org.testng.internal.TestInvoker.invokeTestMethod(TestInvoker.java:173)
at org.testng.internal.MethodRunner.runInSequence(MethodRunner.java:46)
at org.testng.internal.TestInvoker$MethodInvocationAgent.invoke(TestInvoker.java:816)
at org.testng.internal.TestInvoker.invokeTestMethods(TestInvoker.java:146)
at org.testng.internal.TestMethodWorker.invokeTestMethods(TestMethodWorker.java:146)
at org.testng.internal.TestMethodWorker.run(TestMethodWorker.java:128)
at java.util.ArrayList.forEach(Unknown Source)
at org.testng.TestRunner.privateRun(TestRunner.java:766)
at org.testng.TestRunner.run(TestRunner.java:587)
at org.testng.SuiteRunner.runTest(SuiteRunner.java:384)
at org.testng.SuiteRunner.runSequentially(SuiteRunner.java:378)
at org.testng.SuiteRunner.privateRun(SuiteRunner.java:337)
at org.testng.SuiteRunner.run(SuiteRunner.java:286)
at org.testng.SuiteRunnerWorker.runSuite(SuiteRunnerWorker.java:53)
at org.testng.SuiteRunnerWorker.run(SuiteRunnerWorker.java:96)
at org.testng.TestNG.runSuitesSequentially(TestNG.java:1187)
at org.testng.TestNG.runSuitesLocally(TestNG.java:1109)
at org.testng.TestNG.runSuites(TestNG.java:1039)
at org.testng.TestNG.run(TestNG.java:1007)
at org.testng.remote.AbstractRemoteTestNG.run(AbstractRemoteTestNG.java:115)
at org.testng.remote.RemoteTestNG.initAndRun(RemoteTestNG.java:251)
at org.testng.remote.RemoteTestNG.main(RemoteTestNG.java:77)
]]>
            </full-stacktrace>
          </exception> <!-- org.openqa.selenium.NoSuchElementException -->
          <reporter-output>
          </reporter-output>
        </test-method> <!-- ScenarioOne -->
        <test-method status="PASS" signature="afterMethod()[pri:0, instance:com.amazon.testpage.LoginTest@4d3167f4]" name="afterMethod" is-config="true" duration-ms="0" started-at="2020-01-20T11:41:45 GMT" finished-at="2020-01-20T11:41:45 GMT">
          <reporter-output>
          </reporter-output>
        </test-method> <!-- afterMethod -->
        <test-method status="PASS" signature="beforeMethod()[pri:0, instance:com.amazon.testpage.LoginTest@4d3167f4]" name="beforeMethod" is-config="true" duration-ms="823" started-at="2020-01-20T11:41:45 GMT" finished-at="2020-01-20T11:41:46 GMT">
          <reporter-output>
          </reporter-output>
        </test-method> <!-- beforeMethod -->
        <test-method status="PASS" signature="ScenarioSeven(java.lang.String, java.lang.String, java.lang.String, java.lang.String, java.lang.String, java.lang.String, java.lang.String)[pri:0, instance:com.amazon.testpage.LoginTest@4d3167f4]" name="ScenarioSeven" duration-ms="3506" started-at="2020-01-20T11:41:46 GMT" data-provider="getdatalogin" finished-at="2020-01-20T11:41:49 GMT">
          <params>
            <param index="0">
              <value>
                <![CDATA[g.gaurav2812@gmail.com]]>
              </value>
            </param>
            <param index="1">
              <value>
                <![CDATA[TWF1bGlAMjgxMiQ=]]>
              </value>
            </param>
            <param index="2">
              <value>
                <![CDATA[Hello, Gaurav]]>
              </value>
            </param>
            <param index="3">
              <value>
                <![CDATA[invalidEmail]]>
              </value>
            </param>
            <param index="4">
              <value>
                <![CDATA[invPass123]]>
              </value>
            </param>
            <param index="5">
              <value>
                <![CDATA[8793100405]]>
              </value>
            </param>
            <param index="6">
              <value>
                <![CDATA[1234]]>
              </value>
            </param>
          </params>
          <reporter-output>
          </reporter-output>
        </test-method> <!-- ScenarioSeven -->
        <test-method status="PASS" signature="afterMethod()[pri:0, instance:com.amazon.testpage.LoginTest@4d3167f4]" name="afterMethod" is-config="true" duration-ms="0" started-at="2020-01-20T11:41:49 GMT" finished-at="2020-01-20T11:41:49 GMT">
          <reporter-output>
          </reporter-output>
        </test-method> <!-- afterMethod -->
        <test-method status="PASS" signature="beforeMethod()[pri:0, instance:com.amazon.testpage.LoginTest@4d3167f4]" name="beforeMethod" is-config="true" duration-ms="1303" started-at="2020-01-20T11:41:49 GMT" finished-at="2020-01-20T11:41:51 GMT">
          <reporter-output>
          </reporter-output>
        </test-method> <!-- beforeMethod -->
        <test-method status="FAIL" signature="ScenarioSix(java.lang.String, java.lang.String, java.lang.String, java.lang.String, java.lang.String, java.lang.String, java.lang.String)[pri:0, instance:com.amazon.testpage.LoginTest@4d3167f4]" name="ScenarioSix" duration-ms="58397" started-at="2020-01-20T11:41:51 GMT" data-provider="getdatalogin" finished-at="2020-01-20T11:42:49 GMT">
          <params>
            <param index="0">
              <value>
                <![CDATA[g.gaurav2812@gmail.com]]>
              </value>
            </param>
            <param index="1">
              <value>
                <![CDATA[TWF1bGlAMjgxMiQ=]]>
              </value>
            </param>
            <param index="2">
              <value>
                <![CDATA[Hello, Gaurav]]>
              </value>
            </param>
            <param index="3">
              <value>
                <![CDATA[invalidEmail]]>
              </value>
            </param>
            <param index="4">
              <value>
                <![CDATA[invPass123]]>
              </value>
            </param>
            <param index="5">
              <value>
                <![CDATA[8793100405]]>
              </value>
            </param>
            <param index="6">
              <value>
                <![CDATA[1234]]>
              </value>
            </param>
          </params>
          <exception class="org.openqa.selenium.NoSuchElementException">
            <message>
              <![CDATA[no such element: Unable to locate element: {"method":"xpath","selector":"//a[@id='nav-link-accountList']/span[contains(text(),'Hello,')]"}
  (Session info: chrome=79.0.3945.117)
For documentation on this error, please visit: https://www.seleniumhq.org/exceptions/no_such_element.html
Build info: version: '3.141.59', revision: 'e82be7d358', time: '2018-11-14T08:17:03'
System info: host: 'PDCDT01GY4ZVQ1', ip: '192.168.2.3', os.name: 'Windows 7', os.arch: 'amd64', os.version: '6.1', java.version: '1.8.0_231'
Driver info: org.openqa.selenium.chrome.ChromeDriver
Capabilities {acceptInsecureCerts: false, browserName: chrome, browserVersion: 79.0.3945.117, chrome: {chromedriverVersion: 78.0.3904.70 (edb9c9f3de024..., userDataDir: C:\Users\P10444~1.PDC\AppDa...}, goog:chromeOptions: {debuggerAddress: localhost:61877}, javascriptEnabled: true, networkConnectionEnabled: false, pageLoadStrategy: normal, platform: XP, platformName: XP, proxy: Proxy(), setWindowRect: true, strictFileInteractability: false, timeouts: {implicit: 0, pageLoad: 300000, script: 30000}, unhandledPromptBehavior: dismiss and notify}
Session ID: fb6f578560e96f6318a59789e8dfdc7c
*** Element info: {Using=xpath, value=//a[@id='nav-link-accountList']/span[contains(text(),'Hello,')]}]]>
            </message>
            <full-stacktrace>
              <![CDATA[org.openqa.selenium.NoSuchElementException: no such element: Unable to locate element: {"method":"xpath","selector":"//a[@id='nav-link-accountList']/span[contains(text(),'Hello,')]"}
  (Session info: chrome=79.0.3945.117)
For documentation on this error, please visit: https://www.seleniumhq.org/exceptions/no_such_element.html
Build info: version: '3.141.59', revision: 'e82be7d358', time: '2018-11-14T08:17:03'
System info: host: 'PDCDT01GY4ZVQ1', ip: '192.168.2.3', os.name: 'Windows 7', os.arch: 'amd64', os.version: '6.1', java.version: '1.8.0_231'
Driver info: org.openqa.selenium.chrome.ChromeDriver
Capabilities {acceptInsecureCerts: false, browserName: chrome, browserVersion: 79.0.3945.117, chrome: {chromedriverVersion: 78.0.3904.70 (edb9c9f3de024..., userDataDir: C:\Users\P10444~1.PDC\AppDa...}, goog:chromeOptions: {debuggerAddress: localhost:61877}, javascriptEnabled: true, networkConnectionEnabled: false, pageLoadStrategy: normal, platform: XP, platformName: XP, proxy: Proxy(), setWindowRect: true, strictFileInteractability: false, timeouts: {implicit: 0, pageLoad: 300000, script: 30000}, unhandledPromptBehavior: dismiss and notify}
Session ID: fb6f578560e96f6318a59789e8dfdc7c
*** Element info: {Using=xpath, value=//a[@id='nav-link-accountList']/span[contains(text(),'Hello,')]}
at sun.reflect.NativeConstructorAccessorImpl.newInstance0(Native Method)
at sun.reflect.NativeConstructorAccessorImpl.newInstance(Unknown Source)
at sun.reflect.DelegatingConstructorAccessorImpl.newInstance(Unknown Source)
at java.lang.reflect.Constructor.newInstance(Unknown Source)
at org.openqa.selenium.remote.http.W3CHttpResponseCodec.createException(W3CHttpResponseCodec.java:187)
at org.openqa.selenium.remote.http.W3CHttpResponseCodec.decode(W3CHttpResponseCodec.java:122)
at org.openqa.selenium.remote.http.W3CHttpResponseCodec.decode(W3CHttpResponseCodec.java:49)
at org.openqa.selenium.remote.HttpCommandExecutor.execute(HttpCommandExecutor.java:158)
at org.openqa.selenium.remote.service.DriverCommandExecutor.execute(DriverCommandExecutor.java:83)
at org.openqa.selenium.remote.RemoteWebDriver.execute(RemoteWebDriver.java:552)
at org.openqa.selenium.remote.RemoteWebDriver.findElement(RemoteWebDriver.java:323)
at org.openqa.selenium.remote.RemoteWebDriver.findElementByXPath(RemoteWebDriver.java:428)
at org.openqa.selenium.By$ByXPath.findElement(By.java:353)
at org.openqa.selenium.remote.RemoteWebDriver.findElement(RemoteWebDriver.java:315)
at org.openqa.selenium.support.pagefactory.DefaultElementLocator.findElement(DefaultElementLocator.java:69)
at org.openqa.selenium.support.pagefactory.internal.LocatingElementHandler.invoke(LocatingElementHandler.java:38)
at com.sun.proxy.$Proxy12.getText(Unknown Source)
at com.amazon.pages.VerifyUserLoggedInPage.Verifylogin(VerifyUserLoggedInPage.java:36)
at com.amazon.testpage.LoginTest.ScenarioSix(LoginTest.java:348)
at sun.reflect.NativeMethodAccessorImpl.invoke0(Native Method)
at sun.reflect.NativeMethodAccessorImpl.invoke(Unknown Source)
at sun.reflect.DelegatingMethodAccessorImpl.invoke(Unknown Source)
at java.lang.reflect.Method.invoke(Unknown Source)
at org.testng.internal.MethodInvocationHelper.invokeMethod(MethodInvocationHelper.java:134)
at org.testng.internal.TestInvoker.invokeMethod(TestInvoker.java:597)
at org.testng.internal.TestInvoker.invokeTestMethod(TestInvoker.java:173)
at org.testng.internal.MethodRunner.runInSequence(MethodRunner.java:46)
at org.testng.internal.TestInvoker$MethodInvocationAgent.invoke(TestInvoker.java:816)
at org.testng.internal.TestInvoker.invokeTestMethods(TestInvoker.java:146)
at org.testng.internal.TestMethodWorker.invokeTestMethods(TestMethodWorker.java:146)
at org.testng.internal.TestMethodWorker.run(TestMethodWorker.java:128)
at java.util.ArrayList.forEach(Unknown Source)
at org.testng.TestRunner.privateRun(TestRunner.java:766)
at org.testng.TestRunner.run(TestRunner.java:587)
at org.testng.SuiteRunner.runTest(SuiteRunner.java:384)
at org.testng.SuiteRunner.runSequentially(SuiteRunner.java:378)
at org.testng.SuiteRunner.privateRun(SuiteRunner.java:337)
at org.testng.SuiteRunner.run(SuiteRunner.java:286)
at org.testng.SuiteRunnerWorker.runSuite(SuiteRunnerWorker.java:53)
at org.testng.SuiteRunnerWorker.run(SuiteRunnerWorker.java:96)
at org.testng.TestNG.runSuitesSequentially(TestNG.java:1187)
at org.testng.TestNG.runSuitesLocally(TestNG.java:1109)
at org.testng.TestNG.runSuites(TestNG.java:1039)
at org.testng.TestNG.run(TestNG.java:1007)
at org.testng.remote.AbstractRemoteTestNG.run(AbstractRemoteTestNG.java:115)
at org.testng.remote.RemoteTestNG.initAndRun(RemoteTestNG.java:251)
at org.testng.remote.RemoteTestNG.main(RemoteTestNG.java:77)
]]>
            </full-stacktrace>
          </exception> <!-- org.openqa.selenium.NoSuchElementException -->
          <reporter-output>
          </reporter-output>
        </test-method> <!-- ScenarioSix -->
        <test-method status="PASS" signature="afterMethod()[pri:0, instance:com.amazon.testpage.LoginTest@4d3167f4]" name="afterMethod" is-config="true" duration-ms="1" started-at="2020-01-20T11:42:49 GMT" finished-at="2020-01-20T11:42:49 GMT">
          <reporter-output>
          </reporter-output>
        </test-method> <!-- afterMethod -->
        <test-method status="PASS" signature="beforeMethod()[pri:0, instance:com.amazon.testpage.LoginTest@4d3167f4]" name="beforeMethod" is-config="true" duration-ms="924" started-at="2020-01-20T11:42:49 GMT" finished-at="2020-01-20T11:42:50 GMT">
          <reporter-output>
          </reporter-output>
        </test-method> <!-- beforeMethod -->
        <test-method status="PASS" signature="ScenarioThree(java.lang.String, java.lang.String, java.lang.String, java.lang.String, java.lang.String, java.lang.String, java.lang.String)[pri:0, instance:com.amazon.testpage.LoginTest@4d3167f4]" name="ScenarioThree" duration-ms="20313" started-at="2020-01-20T11:42:50 GMT" data-provider="getdatalogin" finished-at="2020-01-20T11:43:10 GMT">
          <params>
            <param index="0">
              <value>
                <![CDATA[g.gaurav2812@gmail.com]]>
              </value>
            </param>
            <param index="1">
              <value>
                <![CDATA[TWF1bGlAMjgxMiQ=]]>
              </value>
            </param>
            <param index="2">
              <value>
                <![CDATA[Hello, Gaurav]]>
              </value>
            </param>
            <param index="3">
              <value>
                <![CDATA[invalidEmail]]>
              </value>
            </param>
            <param index="4">
              <value>
                <![CDATA[invPass123]]>
              </value>
            </param>
            <param index="5">
              <value>
                <![CDATA[8793100405]]>
              </value>
            </param>
            <param index="6">
              <value>
                <![CDATA[1234]]>
              </value>
            </param>
          </params>
          <reporter-output>
          </reporter-output>
        </test-method> <!-- ScenarioThree -->
        <test-method status="PASS" signature="afterMethod()[pri:0, instance:com.amazon.testpage.LoginTest@4d3167f4]" name="afterMethod" is-config="true" duration-ms="0" started-at="2020-01-20T11:43:10 GMT" finished-at="2020-01-20T11:43:10 GMT">
          <reporter-output>
          </reporter-output>
        </test-method> <!-- afterMethod -->
        <test-method status="PASS" signature="beforeMethod()[pri:0, instance:com.amazon.testpage.LoginTest@4d3167f4]" name="beforeMethod" is-config="true" duration-ms="797" started-at="2020-01-20T11:43:10 GMT" finished-at="2020-01-20T11:43:11 GMT">
          <reporter-output>
          </reporter-output>
        </test-method> <!-- beforeMethod -->
        <test-method status="PASS" signature="ScenarioTwo(java.lang.String, java.lang.String, java.lang.String, java.lang.String, java.lang.String, java.lang.String, java.lang.String)[pri:0, instance:com.amazon.testpage.LoginTest@4d3167f4]" name="ScenarioTwo" duration-ms="2950" started-at="2020-01-20T11:43:11 GMT" data-provider="getdatalogin" finished-at="2020-01-20T11:43:14 GMT">
          <params>
            <param index="0">
              <value>
                <![CDATA[g.gaurav2812@gmail.com]]>
              </value>
            </param>
            <param index="1">
              <value>
                <![CDATA[TWF1bGlAMjgxMiQ=]]>
              </value>
            </param>
            <param index="2">
              <value>
                <![CDATA[Hello, Gaurav]]>
              </value>
            </param>
            <param index="3">
              <value>
                <![CDATA[invalidEmail]]>
              </value>
            </param>
            <param index="4">
              <value>
                <![CDATA[invPass123]]>
              </value>
            </param>
            <param index="5">
              <value>
                <![CDATA[8793100405]]>
              </value>
            </param>
            <param index="6">
              <value>
                <![CDATA[1234]]>
              </value>
            </param>
          </params>
          <reporter-output>
          </reporter-output>
        </test-method> <!-- ScenarioTwo -->
        <test-method status="PASS" signature="afterMethod()[pri:0, instance:com.amazon.testpage.LoginTest@4d3167f4]" name="afterMethod" is-config="true" duration-ms="1" started-at="2020-01-20T11:43:14 GMT" finished-at="2020-01-20T11:43:14 GMT">
          <reporter-output>
          </reporter-output>
        </test-method> <!-- afterMethod -->
        <test-method status="PASS" signature="afterClass()[pri:0, instance:com.amazon.testpage.LoginTest@4d3167f4]" name="afterClass" is-config="true" duration-ms="4643" started-at="2020-01-20T11:43:14 GMT" finished-at="2020-01-20T11:43:19 GMT">
          <reporter-output>
          </reporter-output>
        </test-method> <!-- afterClass -->
      </class> <!-- com.amazon.testpage.LoginTest -->
      <class name="com.amazon.testpage.RegistrationTest">
        <test-method status="PASS" signature="beforeClass()[pri:0, instance:com.amazon.testpage.RegistrationTest@ed9d034]" name="beforeClass" is-config="true" duration-ms="8954" started-at="2020-01-20T11:43:19 GMT" finished-at="2020-01-20T11:43:28 GMT">
          <reporter-output>
          </reporter-output>
        </test-method> <!-- beforeClass -->
        <test-method status="PASS" signature="beforeMethod()[pri:0, instance:com.amazon.testpage.RegistrationTest@ed9d034]" name="beforeMethod" is-config="true" duration-ms="6466" started-at="2020-01-20T11:43:28 GMT" finished-at="2020-01-20T11:43:34 GMT">
          <reporter-output>
          </reporter-output>
        </test-method> <!-- beforeMethod -->
        <test-method status="PASS" signature="ScenarioFive(java.lang.String, java.lang.String, java.lang.String, java.lang.String, java.lang.String)[pri:0, instance:com.amazon.testpage.RegistrationTest@ed9d034]" name="ScenarioFive" duration-ms="11127" started-at="2020-01-20T11:43:34 GMT" data-provider="getdata" finished-at="2020-01-20T11:43:45 GMT">
          <params>
            <param index="0">
              <value>
                <![CDATA[Gaurav Garje]]>
              </value>
            </param>
            <param index="1">
              <value>
                <![CDATA[8421352651]]>
              </value>
            </param>
            <param index="2">
              <value>
                <![CDATA[example.amazon@gmail.com]]>
              </value>
            </param>
            <param index="3">
              <value>
                <![CDATA[Abcdef123]]>
              </value>
            </param>
            <param index="4">
              <value>
                <![CDATA[Hello, Gaurav]]>
              </value>
            </param>
          </params>
          <reporter-output>
          </reporter-output>
        </test-method> <!-- ScenarioFive -->
        <test-method status="PASS" signature="afterMethod()[pri:0, instance:com.amazon.testpage.RegistrationTest@ed9d034]" name="afterMethod" is-config="true" duration-ms="0" started-at="2020-01-20T11:43:45 GMT" finished-at="2020-01-20T11:43:45 GMT">
          <reporter-output>
          </reporter-output>
        </test-method> <!-- afterMethod -->
        <test-method status="PASS" signature="beforeMethod()[pri:0, instance:com.amazon.testpage.RegistrationTest@ed9d034]" name="beforeMethod" is-config="true" duration-ms="1982" started-at="2020-01-20T11:43:46 GMT" finished-at="2020-01-20T11:43:48 GMT">
          <reporter-output>
          </reporter-output>
        </test-method> <!-- beforeMethod -->
        <test-method status="PASS" signature="ScenarioFour(java.lang.String, java.lang.String, java.lang.String, java.lang.String, java.lang.String)[pri:0, instance:com.amazon.testpage.RegistrationTest@ed9d034]" name="ScenarioFour" duration-ms="2690" started-at="2020-01-20T11:43:48 GMT" data-provider="getdata" finished-at="2020-01-20T11:43:50 GMT">
          <params>
            <param index="0">
              <value>
                <![CDATA[Gaurav Garje]]>
              </value>
            </param>
            <param index="1">
              <value>
                <![CDATA[8421352651]]>
              </value>
            </param>
            <param index="2">
              <value>
                <![CDATA[example.amazon@gmail.com]]>
              </value>
            </param>
            <param index="3">
              <value>
                <![CDATA[Abcdef123]]>
              </value>
            </param>
            <param index="4">
              <value>
                <![CDATA[Hello, Gaurav]]>
              </value>
            </param>
          </params>
          <reporter-output>
          </reporter-output>
        </test-method> <!-- ScenarioFour -->
        <test-method status="PASS" signature="afterMethod()[pri:0, instance:com.amazon.testpage.RegistrationTest@ed9d034]" name="afterMethod" is-config="true" duration-ms="0" started-at="2020-01-20T11:43:50 GMT" finished-at="2020-01-20T11:43:50 GMT">
          <reporter-output>
          </reporter-output>
        </test-method> <!-- afterMethod -->
        <test-method status="PASS" signature="beforeMethod()[pri:0, instance:com.amazon.testpage.RegistrationTest@ed9d034]" name="beforeMethod" is-config="true" duration-ms="5269" started-at="2020-01-20T11:43:50 GMT" finished-at="2020-01-20T11:43:56 GMT">
          <reporter-output>
          </reporter-output>
        </test-method> <!-- beforeMethod -->
        <test-method status="PASS" signature="ScenarioOne(java.lang.String, java.lang.String, java.lang.String, java.lang.String, java.lang.String)[pri:0, instance:com.amazon.testpage.RegistrationTest@ed9d034]" name="ScenarioOne" duration-ms="69576" started-at="2020-01-20T11:43:56 GMT" data-provider="getdata" finished-at="2020-01-20T11:45:05 GMT">
          <params>
            <param index="0">
              <value>
                <![CDATA[Gaurav Garje]]>
              </value>
            </param>
            <param index="1">
              <value>
                <![CDATA[8421352651]]>
              </value>
            </param>
            <param index="2">
              <value>
                <![CDATA[example.amazon@gmail.com]]>
              </value>
            </param>
            <param index="3">
              <value>
                <![CDATA[Abcdef123]]>
              </value>
            </param>
            <param index="4">
              <value>
                <![CDATA[Hello, Gaurav]]>
              </value>
            </param>
          </params>
          <reporter-output>
          </reporter-output>
        </test-method> <!-- ScenarioOne -->
        <test-method status="PASS" signature="afterMethod()[pri:0, instance:com.amazon.testpage.RegistrationTest@ed9d034]" name="afterMethod" is-config="true" duration-ms="0" started-at="2020-01-20T11:45:05 GMT" finished-at="2020-01-20T11:45:05 GMT">
          <reporter-output>
          </reporter-output>
        </test-method> <!-- afterMethod -->
        <test-method status="PASS" signature="beforeMethod()[pri:0, instance:com.amazon.testpage.RegistrationTest@ed9d034]" name="beforeMethod" is-config="true" duration-ms="2802" started-at="2020-01-20T11:45:05 GMT" finished-at="2020-01-20T11:45:08 GMT">
          <reporter-output>
          </reporter-output>
        </test-method> <!-- beforeMethod -->
        <test-method status="PASS" signature="ScenarioSeven(java.lang.String, java.lang.String, java.lang.String, java.lang.String, java.lang.String)[pri:0, instance:com.amazon.testpage.RegistrationTest@ed9d034]" name="ScenarioSeven" duration-ms="16818" started-at="2020-01-20T11:45:08 GMT" data-provider="getdata" finished-at="2020-01-20T11:45:25 GMT">
          <params>
            <param index="0">
              <value>
                <![CDATA[Gaurav Garje]]>
              </value>
            </param>
            <param index="1">
              <value>
                <![CDATA[8421352651]]>
              </value>
            </param>
            <param index="2">
              <value>
                <![CDATA[example.amazon@gmail.com]]>
              </value>
            </param>
            <param index="3">
              <value>
                <![CDATA[Abcdef123]]>
              </value>
            </param>
            <param index="4">
              <value>
                <![CDATA[Hello, Gaurav]]>
              </value>
            </param>
          </params>
          <reporter-output>
          </reporter-output>
        </test-method> <!-- ScenarioSeven -->
        <test-method status="PASS" signature="afterMethod()[pri:0, instance:com.amazon.testpage.RegistrationTest@ed9d034]" name="afterMethod" is-config="true" duration-ms="0" started-at="2020-01-20T11:45:25 GMT" finished-at="2020-01-20T11:45:25 GMT">
          <reporter-output>
          </reporter-output>
        </test-method> <!-- afterMethod -->
        <test-method status="PASS" signature="beforeMethod()[pri:0, instance:com.amazon.testpage.RegistrationTest@ed9d034]" name="beforeMethod" is-config="true" duration-ms="2014" started-at="2020-01-20T11:45:25 GMT" finished-at="2020-01-20T11:45:27 GMT">
          <reporter-output>
          </reporter-output>
        </test-method> <!-- beforeMethod -->
        <test-method status="PASS" signature="ScenarioSix(java.lang.String, java.lang.String, java.lang.String, java.lang.String, java.lang.String)[pri:0, instance:com.amazon.testpage.RegistrationTest@ed9d034]" name="ScenarioSix" duration-ms="5838" started-at="2020-01-20T11:45:27 GMT" data-provider="getdata" finished-at="2020-01-20T11:45:33 GMT">
          <params>
            <param index="0">
              <value>
                <![CDATA[Gaurav Garje]]>
              </value>
            </param>
            <param index="1">
              <value>
                <![CDATA[8421352651]]>
              </value>
            </param>
            <param index="2">
              <value>
                <![CDATA[example.amazon@gmail.com]]>
              </value>
            </param>
            <param index="3">
              <value>
                <![CDATA[Abcdef123]]>
              </value>
            </param>
            <param index="4">
              <value>
                <![CDATA[Hello, Gaurav]]>
              </value>
            </param>
          </params>
          <reporter-output>
          </reporter-output>
        </test-method> <!-- ScenarioSix -->
        <test-method status="PASS" signature="afterMethod()[pri:0, instance:com.amazon.testpage.RegistrationTest@ed9d034]" name="afterMethod" is-config="true" duration-ms="1" started-at="2020-01-20T11:45:33 GMT" finished-at="2020-01-20T11:45:33 GMT">
          <reporter-output>
          </reporter-output>
        </test-method> <!-- afterMethod -->
        <test-method status="PASS" signature="beforeMethod()[pri:0, instance:com.amazon.testpage.RegistrationTest@ed9d034]" name="beforeMethod" is-config="true" duration-ms="2366" started-at="2020-01-20T11:45:33 GMT" finished-at="2020-01-20T11:45:35 GMT">
          <reporter-output>
          </reporter-output>
        </test-method> <!-- beforeMethod -->
        <test-method status="PASS" signature="ScenarioThree(java.lang.String, java.lang.String, java.lang.String, java.lang.String, java.lang.String)[pri:0, instance:com.amazon.testpage.RegistrationTest@ed9d034]" name="ScenarioThree" duration-ms="38275" started-at="2020-01-20T11:45:35 GMT" data-provider="getdata" finished-at="2020-01-20T11:46:14 GMT">
          <params>
            <param index="0">
              <value>
                <![CDATA[Gaurav Garje]]>
              </value>
            </param>
            <param index="1">
              <value>
                <![CDATA[8421352651]]>
              </value>
            </param>
            <param index="2">
              <value>
                <![CDATA[example.amazon@gmail.com]]>
              </value>
            </param>
            <param index="3">
              <value>
                <![CDATA[Abcdef123]]>
              </value>
            </param>
            <param index="4">
              <value>
                <![CDATA[Hello, Gaurav]]>
              </value>
            </param>
          </params>
          <reporter-output>
          </reporter-output>
        </test-method> <!-- ScenarioThree -->
        <test-method status="PASS" signature="afterMethod()[pri:0, instance:com.amazon.testpage.RegistrationTest@ed9d034]" name="afterMethod" is-config="true" duration-ms="1" started-at="2020-01-20T11:46:14 GMT" finished-at="2020-01-20T11:46:14 GMT">
          <reporter-output>
          </reporter-output>
        </test-method> <!-- afterMethod -->
        <test-method status="PASS" signature="beforeMethod()[pri:0, instance:com.amazon.testpage.RegistrationTest@ed9d034]" name="beforeMethod" is-config="true" duration-ms="2160" started-at="2020-01-20T11:46:14 GMT" finished-at="2020-01-20T11:46:16 GMT">
          <reporter-output>
          </reporter-output>
        </test-method> <!-- beforeMethod -->
        <test-method status="PASS" signature="ScenarioTwo(java.lang.String, java.lang.String, java.lang.String, java.lang.String, java.lang.String)[pri:0, instance:com.amazon.testpage.RegistrationTest@ed9d034]" name="ScenarioTwo" duration-ms="30090" started-at="2020-01-20T11:46:16 GMT" data-provider="getdata" finished-at="2020-01-20T11:46:46 GMT">
          <params>
            <param index="0">
              <value>
                <![CDATA[Gaurav Garje]]>
              </value>
            </param>
            <param index="1">
              <value>
                <![CDATA[8421352651]]>
              </value>
            </param>
            <param index="2">
              <value>
                <![CDATA[example.amazon@gmail.com]]>
              </value>
            </param>
            <param index="3">
              <value>
                <![CDATA[Abcdef123]]>
              </value>
            </param>
            <param index="4">
              <value>
                <![CDATA[Hello, Gaurav]]>
              </value>
            </param>
          </params>
          <reporter-output>
          </reporter-output>
        </test-method> <!-- ScenarioTwo -->
        <test-method status="PASS" signature="afterMethod()[pri:0, instance:com.amazon.testpage.RegistrationTest@ed9d034]" name="afterMethod" is-config="true" duration-ms="0" started-at="2020-01-20T11:46:46 GMT" finished-at="2020-01-20T11:46:46 GMT">
          <reporter-output>
          </reporter-output>
        </test-method> <!-- afterMethod -->
        <test-method status="PASS" signature="afterClass()[pri:0, instance:com.amazon.testpage.RegistrationTest@ed9d034]" name="afterClass" is-config="true" duration-ms="2983" started-at="2020-01-20T11:46:46 GMT" finished-at="2020-01-20T11:46:49 GMT">
          <reporter-output>
          </reporter-output>
        </test-method> <!-- afterClass -->
      </class> <!-- com.amazon.testpage.RegistrationTest -->
    </test> <!-- Test -->
  </suite> <!-- Suite -->
</testng-results>
